CRITICAL - 2023-05-12 00:51:19 --> syntax error, unexpected token ")", expecting variable
in APPPATH\Controllers\Home.php on line 16.
 1 SYSTEMPATH\Autoloader\Autoloader.php(289): CodeIgniter\Autoloader\Autoloader->includeFile('C:\\xampp\\htdocs\\tasks\\app\\Controllers\\Home.php')
 2 SYSTEMPATH\Autoloader\Autoloader.php(267): CodeIgniter\Autoloader\Autoloader->loadInNamespace('App\\Controllers\\Home')
 3 [internal function]: CodeIgniter\Autoloader\Autoloader->loadClass('App\\Controllers\\Home')
 4 SYSTEMPATH\CodeIgniter.php(892): class_exists('\\App\\Controllers\\Home', true)
 5 SYSTEMPATH\CodeIgniter.php(486): CodeIgniter\CodeIgniter->startController()
 6 SYSTEMPATH\CodeIgniter.php(368): CodeIgniter\CodeIgniter->handleRequest(null, Object(Config\Cache), false)
 7 FCPATH\index.php(67): CodeIgniter\CodeIgniter->run()
CRITICAL - 2023-05-12 00:51:29 --> syntax error, unexpected token "=", expecting "]"
in APPPATH\Controllers\Home.php on line 32.
 1 SYSTEMPATH\Autoloader\Autoloader.php(289): CodeIgniter\Autoloader\Autoloader->includeFile('C:\\xampp\\htdocs\\tasks\\app\\Controllers\\Home.php')
 2 SYSTEMPATH\Autoloader\Autoloader.php(267): CodeIgniter\Autoloader\Autoloader->loadInNamespace('App\\Controllers\\Home')
 3 [internal function]: CodeIgniter\Autoloader\Autoloader->loadClass('App\\Controllers\\Home')
 4 SYSTEMPATH\CodeIgniter.php(892): class_exists('\\App\\Controllers\\Home', true)
 5 SYSTEMPATH\CodeIgniter.php(486): CodeIgniter\CodeIgniter->startController()
 6 SYSTEMPATH\CodeIgniter.php(368): CodeIgniter\CodeIgniter->handleRequest(null, Object(Config\Cache), false)
 7 FCPATH\index.php(67): CodeIgniter\CodeIgniter->run()
CRITICAL - 2023-05-12 01:51:43 --> Call to undefined function App\Controllers\DateTime()
in APPPATH\Controllers\Home.php on line 38.
 1 SYSTEMPATH\CodeIgniter.php(934): App\Controllers\Home->salvar_tarefa()
 2 SYSTEMPATH\CodeIgniter.php(499): CodeIgniter\CodeIgniter->runController(Object(App\Controllers\Home))
 3 SYSTEMPATH\CodeIgniter.php(368): CodeIgniter\CodeIgniter->handleRequest(null, Object(Config\Cache), false)
 4 FCPATH\index.php(67): CodeIgniter\CodeIgniter->run()
CRITICAL - 2023-05-12 01:55:53 --> Call to undefined function App\Controllers\strtodate()
in APPPATH\Controllers\Home.php on line 38.
 1 SYSTEMPATH\CodeIgniter.php(934): App\Controllers\Home->salvar_tarefa()
 2 SYSTEMPATH\CodeIgniter.php(499): CodeIgniter\CodeIgniter->runController(Object(App\Controllers\Home))
 3 SYSTEMPATH\CodeIgniter.php(368): CodeIgniter\CodeIgniter->handleRequest(null, Object(Config\Cache), false)
 4 FCPATH\index.php(67): CodeIgniter\CodeIgniter->run()
CRITICAL - 2023-05-12 01:56:25 --> date(): Argument #2 ($timestamp) must be of type ?int, string given
in APPPATH\Controllers\Home.php on line 38.
 1 APPPATH\Controllers\Home.php(38): date('Y-m-d', '2023-05-15')
 2 SYSTEMPATH\CodeIgniter.php(934): App\Controllers\Home->salvar_tarefa()
 3 SYSTEMPATH\CodeIgniter.php(499): CodeIgniter\CodeIgniter->runController(Object(App\Controllers\Home))
 4 SYSTEMPATH\CodeIgniter.php(368): CodeIgniter\CodeIgniter->handleRequest(null, Object(Config\Cache), false)
 5 FCPATH\index.php(67): CodeIgniter\CodeIgniter->run()
CRITICAL - 2023-05-12 01:56:58 --> Call to undefined function App\Controllers\format()
in APPPATH\Controllers\Home.php on line 38.
 1 SYSTEMPATH\CodeIgniter.php(934): App\Controllers\Home->salvar_tarefa()
 2 SYSTEMPATH\CodeIgniter.php(499): CodeIgniter\CodeIgniter->runController(Object(App\Controllers\Home))
 3 SYSTEMPATH\CodeIgniter.php(368): CodeIgniter\CodeIgniter->handleRequest(null, Object(Config\Cache), false)
 4 FCPATH\index.php(67): CodeIgniter\CodeIgniter->run()
CRITICAL - 2023-05-12 01:57:14 --> date(): Argument #2 ($timestamp) must be of type ?int, string given
in APPPATH\Controllers\Home.php on line 38.
 1 APPPATH\Controllers\Home.php(38): date('2023-05-15', 'Y-m-d')
 2 SYSTEMPATH\CodeIgniter.php(934): App\Controllers\Home->salvar_tarefa()
 3 SYSTEMPATH\CodeIgniter.php(499): CodeIgniter\CodeIgniter->runController(Object(App\Controllers\Home))
 4 SYSTEMPATH\CodeIgniter.php(368): CodeIgniter\CodeIgniter->handleRequest(null, Object(Config\Cache), false)
 5 FCPATH\index.php(67): CodeIgniter\CodeIgniter->run()
CRITICAL - 2023-05-12 01:58:56 --> time() expects exactly 0 arguments, 1 given
in APPPATH\Controllers\Home.php on line 38.
 1 APPPATH\Controllers\Home.php(38): time('2023-05-15')
 2 SYSTEMPATH\CodeIgniter.php(934): App\Controllers\Home->salvar_tarefa()
 3 SYSTEMPATH\CodeIgniter.php(499): CodeIgniter\CodeIgniter->runController(Object(App\Controllers\Home))
 4 SYSTEMPATH\CodeIgniter.php(368): CodeIgniter\CodeIgniter->handleRequest(null, Object(Config\Cache), false)
 5 FCPATH\index.php(67): CodeIgniter\CodeIgniter->run()
CRITICAL - 2023-05-12 02:12:32 --> date(): Argument #2 ($timestamp) must be of type ?int, string given
in APPPATH\Controllers\Home.php on line 32.
 1 APPPATH\Controllers\Home.php(32): date('Y-m-d', '2023-05-26')
 2 SYSTEMPATH\CodeIgniter.php(934): App\Controllers\Home->salvar_tarefa()
 3 SYSTEMPATH\CodeIgniter.php(499): CodeIgniter\CodeIgniter->runController(Object(App\Controllers\Home))
 4 SYSTEMPATH\CodeIgniter.php(368): CodeIgniter\CodeIgniter->handleRequest(null, Object(Config\Cache), false)
 5 FCPATH\index.php(67): CodeIgniter\CodeIgniter->run()
CRITICAL - 2023-05-12 02:14:32 --> date(): Argument #2 ($timestamp) must be of type ?int, string given
in APPPATH\Controllers\Home.php on line 34.
 1 APPPATH\Controllers\Home.php(34): date('Y-m-d', '2023-05-26')
 2 SYSTEMPATH\CodeIgniter.php(934): App\Controllers\Home->salvar_tarefa()
 3 SYSTEMPATH\CodeIgniter.php(499): CodeIgniter\CodeIgniter->runController(Object(App\Controllers\Home))
 4 SYSTEMPATH\CodeIgniter.php(368): CodeIgniter\CodeIgniter->handleRequest(null, Object(Config\Cache), false)
 5 FCPATH\index.php(67): CodeIgniter\CodeIgniter->run()
CRITICAL - 2023-05-12 02:17:16 --> date_format(): Argument #1 ($object) must be of type DateTimeInterface, string given
in APPPATH\Controllers\Home.php on line 34.
 1 APPPATH\Controllers\Home.php(34): date_format('Y-m-d', '2023-05-15')
 2 SYSTEMPATH\CodeIgniter.php(934): App\Controllers\Home->salvar_tarefa()
 3 SYSTEMPATH\CodeIgniter.php(499): CodeIgniter\CodeIgniter->runController(Object(App\Controllers\Home))
 4 SYSTEMPATH\CodeIgniter.php(368): CodeIgniter\CodeIgniter->handleRequest(null, Object(Config\Cache), false)
 5 FCPATH\index.php(67): CodeIgniter\CodeIgniter->run()
CRITICAL - 2023-05-12 18:50:43 --> Array to string conversion
in APPPATH\Controllers\Home.php on line 54.
 1 APPPATH\Controllers\Home.php(54): CodeIgniter\Debug\Exceptions->errorHandler(2, 'Array to string conversion', 'C:\\xampp\\htdocs\\tasks\\app\\Controllers\\Home.php', 54)
 2 SYSTEMPATH\CodeIgniter.php(934): App\Controllers\Home->salvar_tarefa()
 3 SYSTEMPATH\CodeIgniter.php(499): CodeIgniter\CodeIgniter->runController(Object(App\Controllers\Home))
 4 SYSTEMPATH\CodeIgniter.php(368): CodeIgniter\CodeIgniter->handleRequest(null, Object(Config\Cache), false)
 5 FCPATH\index.php(67): CodeIgniter\CodeIgniter->run()
CRITICAL - 2023-05-12 18:54:48 --> date(): Argument #2 ($timestamp) must be of type ?int, string given
in APPPATH\Controllers\Home.php on line 45.
 1 APPPATH\Controllers\Home.php(45): date('Y-m-d', '2023-06-22')
 2 SYSTEMPATH\CodeIgniter.php(934): App\Controllers\Home->salvar_tarefa()
 3 SYSTEMPATH\CodeIgniter.php(499): CodeIgniter\CodeIgniter->runController(Object(App\Controllers\Home))
 4 SYSTEMPATH\CodeIgniter.php(368): CodeIgniter\CodeIgniter->handleRequest(null, Object(Config\Cache), false)
 5 FCPATH\index.php(67): CodeIgniter\CodeIgniter->run()
CRITICAL - 2023-05-12 18:59:33 --> Undefined variable $ano
in APPPATH\Controllers\Home.php on line 54.
 1 APPPATH\Controllers\Home.php(54): CodeIgniter\Debug\Exceptions->errorHandler(2, 'Undefined variable $ano', 'C:\\xampp\\htdocs\\tasks\\app\\Controllers\\Home.php', 54)
 2 SYSTEMPATH\CodeIgniter.php(934): App\Controllers\Home->salvar_tarefa()
 3 SYSTEMPATH\CodeIgniter.php(499): CodeIgniter\CodeIgniter->runController(Object(App\Controllers\Home))
 4 SYSTEMPATH\CodeIgniter.php(368): CodeIgniter\CodeIgniter->handleRequest(null, Object(Config\Cache), false)
 5 FCPATH\index.php(67): CodeIgniter\CodeIgniter->run()
CRITICAL - 2023-05-12 19:06:55 --> Undefined array key "prazo"
in APPPATH\Views\tasks\tasks.php on line 203.
 1 APPPATH\Views\tasks\tasks.php(203): CodeIgniter\Debug\Exceptions->errorHandler(2, 'Undefined array key "prazo"', 'C:\\xampp\\htdocs\\tasks\\app\\Views\\tasks\\tasks.php', 203)
 2 SYSTEMPATH\View\View.php(213): include('C:\\xampp\\htdocs\\tasks\\app\\Views\\tasks\\tasks.php')
 3 SYSTEMPATH\View\View.php(216): CodeIgniter\View\View->CodeIgniter\View\{closure}()
 4 SYSTEMPATH\Common.php(1184): CodeIgniter\View\View->render('tasks/tasks', [], true)
 5 APPPATH\Controllers\Home.php(15): view('tasks/tasks', [...])
 6 SYSTEMPATH\CodeIgniter.php(934): App\Controllers\Home->index()
 7 SYSTEMPATH\CodeIgniter.php(499): CodeIgniter\CodeIgniter->runController(Object(App\Controllers\Home))
 8 SYSTEMPATH\CodeIgniter.php(368): CodeIgniter\CodeIgniter->handleRequest(null, Object(Config\Cache), false)
 9 FCPATH\index.php(67): CodeIgniter\CodeIgniter->run()
CRITICAL - 2023-05-12 19:35:31 --> DateTime::diff(): Argument #1 ($targetObject) must be of type DateTimeInterface, string given
in APPPATH\Views\tasks\tasks.php on line 212.
 1 APPPATH\Views\tasks\tasks.php(212): DateTime->diff('2023-05-12')
 2 SYSTEMPATH\View\View.php(213): include('C:\\xampp\\htdocs\\tasks\\app\\Views\\tasks\\tasks.php')
 3 SYSTEMPATH\View\View.php(216): CodeIgniter\View\View->CodeIgniter\View\{closure}()
 4 SYSTEMPATH\Common.php(1184): CodeIgniter\View\View->render('tasks/tasks', [], true)
 5 APPPATH\Controllers\Home.php(15): view('tasks/tasks', [...])
 6 SYSTEMPATH\CodeIgniter.php(934): App\Controllers\Home->index()
 7 SYSTEMPATH\CodeIgniter.php(499): CodeIgniter\CodeIgniter->runController(Object(App\Controllers\Home))
 8 SYSTEMPATH\CodeIgniter.php(368): CodeIgniter\CodeIgniter->handleRequest(null, Object(Config\Cache), false)
 9 FCPATH\index.php(67): CodeIgniter\CodeIgniter->run()
