CRITICAL - 2023-05-11 19:24:35 --> Undefined variable $lista
in APPPATH\Views\tasks\tasks.php on line 140.
 1 APPPATH\Views\tasks\tasks.php(140): CodeIgniter\Debug\Exceptions->errorHandler(2, 'Undefined variable $lista', 'C:\\xampp\\htdocs\\tasks\\app\\Views\\tasks\\tasks.php', 140)
 2 SYSTEMPATH\View\View.php(213): include('C:\\xampp\\htdocs\\tasks\\app\\Views\\tasks\\tasks.php')
 3 SYSTEMPATH\View\View.php(216): CodeIgniter\View\View->CodeIgniter\View\{closure}()
 4 SYSTEMPATH\Common.php(1184): CodeIgniter\View\View->render('tasks/tasks', [], true)
 5 APPPATH\Controllers\Home.php(13): view('tasks/tasks', [...])
 6 SYSTEMPATH\CodeIgniter.php(934): App\Controllers\Home->index()
 7 SYSTEMPATH\CodeIgniter.php(499): CodeIgniter\CodeIgniter->runController(Object(App\Controllers\Home))
 8 SYSTEMPATH\CodeIgniter.php(368): CodeIgniter\CodeIgniter->handleRequest(null, Object(Config\Cache), false)
 9 FCPATH\index.php(67): CodeIgniter\CodeIgniter->run()
CRITICAL - 2023-05-11 19:25:07 --> Undefined variable $lista
in APPPATH\Views\tasks\tasks.php on line 140.
 1 APPPATH\Views\tasks\tasks.php(140): CodeIgniter\Debug\Exceptions->errorHandler(2, 'Undefined variable $lista', 'C:\\xampp\\htdocs\\tasks\\app\\Views\\tasks\\tasks.php', 140)
 2 SYSTEMPATH\View\View.php(213): include('C:\\xampp\\htdocs\\tasks\\app\\Views\\tasks\\tasks.php')
 3 SYSTEMPATH\View\View.php(216): CodeIgniter\View\View->CodeIgniter\View\{closure}()
 4 SYSTEMPATH\Common.php(1184): CodeIgniter\View\View->render('tasks/tasks', [], true)
 5 APPPATH\Controllers\Home.php(13): view('tasks/tasks', [...])
 6 SYSTEMPATH\CodeIgniter.php(934): App\Controllers\Home->index()
 7 SYSTEMPATH\CodeIgniter.php(499): CodeIgniter\CodeIgniter->runController(Object(App\Controllers\Home))
 8 SYSTEMPATH\CodeIgniter.php(368): CodeIgniter\CodeIgniter->handleRequest(null, Object(Config\Cache), false)
 9 FCPATH\index.php(67): CodeIgniter\CodeIgniter->run()
CRITICAL - 2023-05-11 19:25:40 --> Undefined variable $lista
in APPPATH\Views\tasks\tasks.php on line 140.
 1 APPPATH\Views\tasks\tasks.php(140): CodeIgniter\Debug\Exceptions->errorHandler(2, 'Undefined variable $lista', 'C:\\xampp\\htdocs\\tasks\\app\\Views\\tasks\\tasks.php', 140)
 2 SYSTEMPATH\View\View.php(213): include('C:\\xampp\\htdocs\\tasks\\app\\Views\\tasks\\tasks.php')
 3 SYSTEMPATH\View\View.php(216): CodeIgniter\View\View->CodeIgniter\View\{closure}()
 4 SYSTEMPATH\Common.php(1184): CodeIgniter\View\View->render('tasks/tasks', [], true)
 5 APPPATH\Controllers\Home.php(13): view('tasks/tasks', [...])
 6 SYSTEMPATH\CodeIgniter.php(934): App\Controllers\Home->index()
 7 SYSTEMPATH\CodeIgniter.php(499): CodeIgniter\CodeIgniter->runController(Object(App\Controllers\Home))
 8 SYSTEMPATH\CodeIgniter.php(368): CodeIgniter\CodeIgniter->handleRequest(null, Object(Config\Cache), false)
 9 FCPATH\index.php(67): CodeIgniter\CodeIgniter->run()
CRITICAL - 2023-05-11 19:28:24 --> Undefined array key "nome"
in APPPATH\Views\tasks\tasks.php on line 145.
 1 APPPATH\Views\tasks\tasks.php(145): CodeIgniter\Debug\Exceptions->errorHandler(2, 'Undefined array key "nome"', 'C:\\xampp\\htdocs\\tasks\\app\\Views\\tasks\\tasks.php', 145)
 2 SYSTEMPATH\View\View.php(213): include('C:\\xampp\\htdocs\\tasks\\app\\Views\\tasks\\tasks.php')
 3 SYSTEMPATH\View\View.php(216): CodeIgniter\View\View->CodeIgniter\View\{closure}()
 4 SYSTEMPATH\Common.php(1184): CodeIgniter\View\View->render('tasks/tasks', [], true)
 5 APPPATH\Controllers\Home.php(13): view('tasks/tasks', [...])
 6 SYSTEMPATH\CodeIgniter.php(934): App\Controllers\Home->index()
 7 SYSTEMPATH\CodeIgniter.php(499): CodeIgniter\CodeIgniter->runController(Object(App\Controllers\Home))
 8 SYSTEMPATH\CodeIgniter.php(368): CodeIgniter\CodeIgniter->handleRequest(null, Object(Config\Cache), false)
 9 FCPATH\index.php(67): CodeIgniter\CodeIgniter->run()
CRITICAL - 2023-05-11 19:32:13 --> date_format(): Argument #1 ($object) must be of type DateTimeInterface, string given
in APPPATH\Views\tasks\tasks.php on line 142.
 1 APPPATH\Views\tasks\tasks.php(142): date_format('2023-05-11 16:23:28', 'd-m-Y h:m:i')
 2 SYSTEMPATH\View\View.php(213): include('C:\\xampp\\htdocs\\tasks\\app\\Views\\tasks\\tasks.php')
 3 SYSTEMPATH\View\View.php(216): CodeIgniter\View\View->CodeIgniter\View\{closure}()
 4 SYSTEMPATH\Common.php(1184): CodeIgniter\View\View->render('tasks/tasks', [], true)
 5 APPPATH\Controllers\Home.php(13): view('tasks/tasks', [...])
 6 SYSTEMPATH\CodeIgniter.php(934): App\Controllers\Home->index()
 7 SYSTEMPATH\CodeIgniter.php(499): CodeIgniter\CodeIgniter->runController(Object(App\Controllers\Home))
 8 SYSTEMPATH\CodeIgniter.php(368): CodeIgniter\CodeIgniter->handleRequest(null, Object(Config\Cache), false)
 9 FCPATH\index.php(67): CodeIgniter\CodeIgniter->run()
CRITICAL - 2023-05-11 19:32:27 --> date_format(): Argument #1 ($object) must be of type DateTimeInterface, string given
in APPPATH\Views\tasks\tasks.php on line 142.
 1 APPPATH\Views\tasks\tasks.php(142): date_format('2023-05-11 16:23:28', 'd-m-Y h:m:i')
 2 SYSTEMPATH\View\View.php(213): include('C:\\xampp\\htdocs\\tasks\\app\\Views\\tasks\\tasks.php')
 3 SYSTEMPATH\View\View.php(216): CodeIgniter\View\View->CodeIgniter\View\{closure}()
 4 SYSTEMPATH\Common.php(1184): CodeIgniter\View\View->render('tasks/tasks', [], true)
 5 APPPATH\Controllers\Home.php(13): view('tasks/tasks', [...])
 6 SYSTEMPATH\CodeIgniter.php(934): App\Controllers\Home->index()
 7 SYSTEMPATH\CodeIgniter.php(499): CodeIgniter\CodeIgniter->runController(Object(App\Controllers\Home))
 8 SYSTEMPATH\CodeIgniter.php(368): CodeIgniter\CodeIgniter->handleRequest(null, Object(Config\Cache), false)
 9 FCPATH\index.php(67): CodeIgniter\CodeIgniter->run()
CRITICAL - 2023-05-11 19:33:02 --> date(): Argument #2 ($timestamp) must be of type ?int, string given
in APPPATH\Views\tasks\tasks.php on line 142.
 1 APPPATH\Views\tasks\tasks.php(142): date('d-m-Y h:m:i', '2023-05-11 16:23:28')
 2 SYSTEMPATH\View\View.php(213): include('C:\\xampp\\htdocs\\tasks\\app\\Views\\tasks\\tasks.php')
 3 SYSTEMPATH\View\View.php(216): CodeIgniter\View\View->CodeIgniter\View\{closure}()
 4 SYSTEMPATH\Common.php(1184): CodeIgniter\View\View->render('tasks/tasks', [], true)
 5 APPPATH\Controllers\Home.php(13): view('tasks/tasks', [...])
 6 SYSTEMPATH\CodeIgniter.php(934): App\Controllers\Home->index()
 7 SYSTEMPATH\CodeIgniter.php(499): CodeIgniter\CodeIgniter->runController(Object(App\Controllers\Home))
 8 SYSTEMPATH\CodeIgniter.php(368): CodeIgniter\CodeIgniter->handleRequest(null, Object(Config\Cache), false)
 9 FCPATH\index.php(67): CodeIgniter\CodeIgniter->run()
CRITICAL - 2023-05-11 19:33:49 --> Call to undefined function strtodate()
in APPPATH\Views\tasks\tasks.php on line 142.
 1 SYSTEMPATH\View\View.php(213): include()
 2 SYSTEMPATH\View\View.php(216): CodeIgniter\View\View->CodeIgniter\View\{closure}()
 3 SYSTEMPATH\Common.php(1184): CodeIgniter\View\View->render('tasks/tasks', [], true)
 4 APPPATH\Controllers\Home.php(13): view('tasks/tasks', [...])
 5 SYSTEMPATH\CodeIgniter.php(934): App\Controllers\Home->index()
 6 SYSTEMPATH\CodeIgniter.php(499): CodeIgniter\CodeIgniter->runController(Object(App\Controllers\Home))
 7 SYSTEMPATH\CodeIgniter.php(368): CodeIgniter\CodeIgniter->handleRequest(null, Object(Config\Cache), false)
 8 FCPATH\index.php(67): CodeIgniter\CodeIgniter->run()
CRITICAL - 2023-05-11 19:34:18 --> Call to undefined function strtodate()
in APPPATH\Views\tasks\tasks.php on line 142.
 1 SYSTEMPATH\View\View.php(213): include()
 2 SYSTEMPATH\View\View.php(216): CodeIgniter\View\View->CodeIgniter\View\{closure}()
 3 SYSTEMPATH\Common.php(1184): CodeIgniter\View\View->render('tasks/tasks', [], true)
 4 APPPATH\Controllers\Home.php(13): view('tasks/tasks', [...])
 5 SYSTEMPATH\CodeIgniter.php(934): App\Controllers\Home->index()
 6 SYSTEMPATH\CodeIgniter.php(499): CodeIgniter\CodeIgniter->runController(Object(App\Controllers\Home))
 7 SYSTEMPATH\CodeIgniter.php(368): CodeIgniter\CodeIgniter->handleRequest(null, Object(Config\Cache), false)
 8 FCPATH\index.php(67): CodeIgniter\CodeIgniter->run()
CRITICAL - 2023-05-11 19:34:50 --> date_format(): Argument #1 ($object) must be of type DateTimeInterface, string given
in APPPATH\Views\tasks\tasks.php on line 142.
 1 APPPATH\Views\tasks\tasks.php(142): date_format('d-m-Y h:m:i', 1683822208)
 2 SYSTEMPATH\View\View.php(213): include('C:\\xampp\\htdocs\\tasks\\app\\Views\\tasks\\tasks.php')
 3 SYSTEMPATH\View\View.php(216): CodeIgniter\View\View->CodeIgniter\View\{closure}()
 4 SYSTEMPATH\Common.php(1184): CodeIgniter\View\View->render('tasks/tasks', [], true)
 5 APPPATH\Controllers\Home.php(13): view('tasks/tasks', [...])
 6 SYSTEMPATH\CodeIgniter.php(934): App\Controllers\Home->index()
 7 SYSTEMPATH\CodeIgniter.php(499): CodeIgniter\CodeIgniter->runController(Object(App\Controllers\Home))
 8 SYSTEMPATH\CodeIgniter.php(368): CodeIgniter\CodeIgniter->handleRequest(null, Object(Config\Cache), false)
 9 FCPATH\index.php(67): CodeIgniter\CodeIgniter->run()
CRITICAL - 2023-05-11 19:35:07 --> date_format(): Argument #1 ($object) must be of type DateTimeInterface, string given
in APPPATH\Views\tasks\tasks.php on line 142.
 1 APPPATH\Views\tasks\tasks.php(142): date_format('d-m-Y', 1683822208)
 2 SYSTEMPATH\View\View.php(213): include('C:\\xampp\\htdocs\\tasks\\app\\Views\\tasks\\tasks.php')
 3 SYSTEMPATH\View\View.php(216): CodeIgniter\View\View->CodeIgniter\View\{closure}()
 4 SYSTEMPATH\Common.php(1184): CodeIgniter\View\View->render('tasks/tasks', [], true)
 5 APPPATH\Controllers\Home.php(13): view('tasks/tasks', [...])
 6 SYSTEMPATH\CodeIgniter.php(934): App\Controllers\Home->index()
 7 SYSTEMPATH\CodeIgniter.php(499): CodeIgniter\CodeIgniter->runController(Object(App\Controllers\Home))
 8 SYSTEMPATH\CodeIgniter.php(368): CodeIgniter\CodeIgniter->handleRequest(null, Object(Config\Cache), false)
 9 FCPATH\index.php(67): CodeIgniter\CodeIgniter->run()
CRITICAL - 2023-05-11 19:35:21 --> date_format(): Argument #1 ($object) must be of type DateTimeInterface, string given
in APPPATH\Views\tasks\tasks.php on line 142.
 1 APPPATH\Views\tasks\tasks.php(142): date_format('d-m-Y', 1683822208)
 2 SYSTEMPATH\View\View.php(213): include('C:\\xampp\\htdocs\\tasks\\app\\Views\\tasks\\tasks.php')
 3 SYSTEMPATH\View\View.php(216): CodeIgniter\View\View->CodeIgniter\View\{closure}()
 4 SYSTEMPATH\Common.php(1184): CodeIgniter\View\View->render('tasks/tasks', [], true)
 5 APPPATH\Controllers\Home.php(13): view('tasks/tasks', [...])
 6 SYSTEMPATH\CodeIgniter.php(934): App\Controllers\Home->index()
 7 SYSTEMPATH\CodeIgniter.php(499): CodeIgniter\CodeIgniter->runController(Object(App\Controllers\Home))
 8 SYSTEMPATH\CodeIgniter.php(368): CodeIgniter\CodeIgniter->handleRequest(null, Object(Config\Cache), false)
 9 FCPATH\index.php(67): CodeIgniter\CodeIgniter->run()
CRITICAL - 2023-05-11 19:46:25 --> Call to a member function diff() on string
in APPPATH\Views\tasks\tasks.php on line 144.
 1 SYSTEMPATH\View\View.php(213): include()
 2 SYSTEMPATH\View\View.php(216): CodeIgniter\View\View->CodeIgniter\View\{closure}()
 3 SYSTEMPATH\Common.php(1184): CodeIgniter\View\View->render('tasks/tasks', [], true)
 4 APPPATH\Controllers\Home.php(13): view('tasks/tasks', [...])
 5 SYSTEMPATH\CodeIgniter.php(934): App\Controllers\Home->index()
 6 SYSTEMPATH\CodeIgniter.php(499): CodeIgniter\CodeIgniter->runController(Object(App\Controllers\Home))
 7 SYSTEMPATH\CodeIgniter.php(368): CodeIgniter\CodeIgniter->handleRequest(null, Object(Config\Cache), false)
 8 FCPATH\index.php(67): CodeIgniter\CodeIgniter->run()
CRITICAL - 2023-05-11 19:48:49 --> Object of class DateInterval could not be converted to string
in APPPATH\Views\tasks\tasks.php on line 154.
 1 SYSTEMPATH\View\View.php(213): include()
 2 SYSTEMPATH\View\View.php(216): CodeIgniter\View\View->CodeIgniter\View\{closure}()
 3 SYSTEMPATH\Common.php(1184): CodeIgniter\View\View->render('tasks/tasks', [], true)
 4 APPPATH\Controllers\Home.php(13): view('tasks/tasks', [...])
 5 SYSTEMPATH\CodeIgniter.php(934): App\Controllers\Home->index()
 6 SYSTEMPATH\CodeIgniter.php(499): CodeIgniter\CodeIgniter->runController(Object(App\Controllers\Home))
 7 SYSTEMPATH\CodeIgniter.php(368): CodeIgniter\CodeIgniter->handleRequest(null, Object(Config\Cache), false)
 8 FCPATH\index.php(67): CodeIgniter\CodeIgniter->run()
